[debug] [2020-09-23T18:18:04.632Z] ----------------------------------------------------------------------
[debug] [2020-09-23T18:18:04.633Z] Command:       /usr/local/bin/node /usr/local/bin/firebase deploy --only functions
[debug] [2020-09-23T18:18:04.634Z] CLI Version:   8.11.0
[debug] [2020-09-23T18:18:04.634Z] Platform:      darwin
[debug] [2020-09-23T18:18:04.634Z] Node Version:  v12.18.2
[debug] [2020-09-23T18:18:04.634Z] Time:          Wed Sep 23 2020 14:18:04 GMT-0400 (Eastern Daylight Time)
[debug] [2020-09-23T18:18:04.635Z] ----------------------------------------------------------------------
[debug] [2020-09-23T18:18:04.635Z] 
[debug] [2020-09-23T18:18:04.641Z] > command requires scopes: ["email","openid","https://www.googleapis.com/auth/cloudplatformprojects.readonly","https://www.googleapis.com/auth/firebase","https://www.googleapis.com/auth/cloud-platform"]
[debug] [2020-09-23T18:18:04.641Z] > authorizing via signed-in user
[debug] [2020-09-23T18:18:04.641Z] [iam] checking project personal-website-781b7 for permissions ["cloudfunctions.functions.create","cloudfunctions.functions.delete","cloudfunctions.functions.get","cloudfunctions.functions.list","cloudfunctions.functions.update","cloudfunctions.operations.get","firebase.projects.get"]
[debug] [2020-09-23T18:18:04.643Z] >>> HTTP REQUEST POST https://cloudresourcemanager.googleapis.com/v1/projects/personal-website-781b7:testIamPermissions  
 {"permissions":["cloudfunctions.functions.create","cloudfunctions.functions.delete","cloudfunctions.functions.get","cloudfunctions.functions.list","cloudfunctions.functions.update","cloudfunctions.operations.get","firebase.projects.get"]}
[debug] [2020-09-23T18:18:04.773Z] <<< HTTP RESPONSE 200 {"content-type":"application/json; charset=UTF-8","vary":"X-Origin, Referer, Origin,Accept-Encoding","date":"Wed, 23 Sep 2020 18:18:04 GMT","server":"ESF","cache-control":"private","x-xss-protection":"0","x-frame-options":"SAMEORIGIN","x-content-type-options":"nosniff","server-timing":"gfet4t7; dur=90","alt-svc":"h3-Q050=\":443\"; ma=2592000,h3-29=\":443\"; ma=2592000,h3-27=\":443\"; ma=2592000,h3-T051=\":443\"; ma=2592000,h3-T050=\":443\"; ma=2592000,h3-Q046=\":443\"; ma=2592000,h3-Q043=\":443\"; ma=2592000,quic=\":443\"; ma=2592000; v=\"46,43\"","accept-ranges":"none","transfer-encoding":"chunked"}
[debug] [2020-09-23T18:18:04.775Z] >>> HTTP REQUEST POST https://iam.googleapis.com/v1/projects/personal-website-781b7/serviceAccounts/personal-website-781b7@appspot.gserviceaccount.com:testIamPermissions  
 {"permissions":["iam.serviceAccounts.actAs"]}
[debug] [2020-09-23T18:18:04.897Z] <<< HTTP RESPONSE 200 {"content-type":"application/json; charset=UTF-8","vary":"X-Origin, Referer, Origin,Accept-Encoding","date":"Wed, 23 Sep 2020 18:18:04 GMT","server":"ESF","cache-control":"private","x-xss-protection":"0","x-frame-options":"SAMEORIGIN","x-content-type-options":"nosniff","alt-svc":"h3-Q050=\":443\"; ma=2592000,h3-29=\":443\"; ma=2592000,h3-27=\":443\"; ma=2592000,h3-T051=\":443\"; ma=2592000,h3-T050=\":443\"; ma=2592000,h3-Q046=\":443\"; ma=2592000,h3-Q043=\":443\"; ma=2592000,quic=\":443\"; ma=2592000; v=\"46,43\"","accept-ranges":"none","transfer-encoding":"chunked"}
[info] 
[info] === Deploying to 'personal-website-781b7'...
[info] 
[info] i  deploying functions 
[debug] [2020-09-23T18:18:06.607Z] > [functions] package.json contents: {
  "name": "functions",
  "description": "Cloud Functions for Firebase",
  "scripts": {
    "lint": "eslint .",
    "serve": "firebase emulators:start --only functions",
    "shell": "firebase functions:shell",
    "start": "npm run shell",
    "deploy": "firebase deploy --only functions",
    "logs": "firebase functions:log"
  },
  "engines": {
    "node": "10"
  },
  "main": "index.js",
  "dependencies": {
    "firebase-admin": "^8.10.0",
    "firebase-functions": "^3.6.1",
    "nodemailer": "^6.4.11"
  },
  "devDependencies": {
    "eslint": "^5.12.0",
    "eslint-plugin-promise": "^4.0.1",
    "firebase-functions-test": "^0.2.0"
  },
  "private": true
}
[info] i  functions: ensuring required API cloudfunctions.googleapis.com is enabled... 
[info] i  functions: ensuring required API cloudbuild.googleapis.com is enabled... 
[debug] [2020-09-23T18:18:07.637Z] >>> HTTP REQUEST GET https://serviceusage.googleapis.com/v1/projects/personal-website-781b7/services/cloudfunctions.googleapis.com  
 
[debug] [2020-09-23T18:18:07.638Z] >>> HTTP REQUEST GET https://serviceusage.googleapis.com/v1/projects/personal-website-781b7/services/runtimeconfig.googleapis.com  
 
[debug] [2020-09-23T18:18:07.638Z] >>> HTTP REQUEST GET https://serviceusage.googleapis.com/v1/projects/personal-website-781b7/services/cloudbuild.googleapis.com  
 
[debug] [2020-09-23T18:18:07.912Z] <<< HTTP RESPONSE 200 {"content-type":"application/json; charset=UTF-8","vary":"X-Origin, Referer, Origin,Accept-Encoding","date":"Wed, 23 Sep 2020 18:18:07 GMT","server":"ESF","cache-control":"private","x-xss-protection":"0","x-frame-options":"SAMEORIGIN","x-content-type-options":"nosniff","alt-svc":"h3-Q050=\":443\"; ma=2592000,h3-29=\":443\"; ma=2592000,h3-27=\":443\"; ma=2592000,h3-T051=\":443\"; ma=2592000,h3-T050=\":443\"; ma=2592000,h3-Q046=\":443\"; ma=2592000,h3-Q043=\":443\"; ma=2592000,quic=\":443\"; ma=2592000; v=\"46,43\"","accept-ranges":"none","transfer-encoding":"chunked"}
[info] ✔  functions: required API cloudfunctions.googleapis.com is enabled 
[debug] [2020-09-23T18:18:07.925Z] <<< HTTP RESPONSE 200 {"content-type":"application/json; charset=UTF-8","vary":"X-Origin, Referer, Origin,Accept-Encoding","date":"Wed, 23 Sep 2020 18:18:07 GMT","server":"ESF","cache-control":"private","x-xss-protection":"0","x-frame-options":"SAMEORIGIN","x-content-type-options":"nosniff","alt-svc":"h3-Q050=\":443\"; ma=2592000,h3-29=\":443\"; ma=2592000,h3-27=\":443\"; ma=2592000,h3-T051=\":443\"; ma=2592000,h3-T050=\":443\"; ma=2592000,h3-Q046=\":443\"; ma=2592000,h3-Q043=\":443\"; ma=2592000,quic=\":443\"; ma=2592000; v=\"46,43\"","accept-ranges":"none","transfer-encoding":"chunked"}
[debug] [2020-09-23T18:18:07.931Z] <<< HTTP RESPONSE 200 {"content-type":"application/json; charset=UTF-8","vary":"X-Origin, Referer, Origin,Accept-Encoding","date":"Wed, 23 Sep 2020 18:18:07 GMT","server":"ESF","cache-control":"private","x-xss-protection":"0","x-frame-options":"SAMEORIGIN","x-content-type-options":"nosniff","alt-svc":"h3-Q050=\":443\"; ma=2592000,h3-29=\":443\"; ma=2592000,h3-27=\":443\"; ma=2592000,h3-T051=\":443\"; ma=2592000,h3-T050=\":443\"; ma=2592000,h3-Q046=\":443\"; ma=2592000,h3-Q043=\":443\"; ma=2592000,quic=\":443\"; ma=2592000; v=\"46,43\"","accept-ranges":"none","transfer-encoding":"chunked"}
[info] ✔  functions: required API cloudbuild.googleapis.com is enabled 
[debug] [2020-09-23T18:18:07.932Z] >>> HTTP REQUEST GET https://firebase.googleapis.com/v1beta1/projects/personal-website-781b7/adminSdkConfig  
 
[debug] [2020-09-23T18:18:08.120Z] <<< HTTP RESPONSE 200 {"content-type":"application/json; charset=UTF-8","vary":"X-Origin, Referer, Origin,Accept-Encoding","date":"Wed, 23 Sep 2020 18:18:08 GMT","server":"ESF","cache-control":"private","x-xss-protection":"0","x-frame-options":"SAMEORIGIN","x-content-type-options":"nosniff","alt-svc":"h3-Q050=\":443\"; ma=2592000,h3-29=\":443\"; ma=2592000,h3-27=\":443\"; ma=2592000,h3-T051=\":443\"; ma=2592000,h3-T050=\":443\"; ma=2592000,h3-Q046=\":443\"; ma=2592000,h3-Q043=\":443\"; ma=2592000,quic=\":443\"; ma=2592000; v=\"46,43\"","accept-ranges":"none","transfer-encoding":"chunked"}
[info] i  functions: preparing functions directory for uploading... 
[debug] [2020-09-23T18:18:08.121Z] >>> HTTP REQUEST GET https://runtimeconfig.googleapis.com/v1beta1/projects/personal-website-781b7/configs  
 
[debug] [2020-09-23T18:18:08.351Z] <<< HTTP RESPONSE 200 {"content-type":"application/json; charset=UTF-8","vary":"X-Origin, Referer, Origin,Accept-Encoding","date":"Wed, 23 Sep 2020 18:18:08 GMT","server":"ESF","cache-control":"private","x-xss-protection":"0","x-frame-options":"SAMEORIGIN","x-content-type-options":"nosniff","alt-svc":"h3-Q050=\":443\"; ma=2592000,h3-29=\":443\"; ma=2592000,h3-27=\":443\"; ma=2592000,h3-T051=\":443\"; ma=2592000,h3-T050=\":443\"; ma=2592000,h3-Q046=\":443\"; ma=2592000,h3-Q043=\":443\"; ma=2592000,quic=\":443\"; ma=2592000; v=\"46,43\"","accept-ranges":"none","transfer-encoding":"chunked"}
[info] i  functions: packaged functions (39.83 KB) for uploading 
[debug] [2020-09-23T18:18:08.526Z] >>> HTTP REQUEST GET https://cloudfunctions.googleapis.com/v1/projects/personal-website-781b7/locations/-/functions  
 
[debug] [2020-09-23T18:18:09.007Z] <<< HTTP RESPONSE 200 {"content-type":"application/json; charset=UTF-8","vary":"X-Origin, Referer, Origin,Accept-Encoding","date":"Wed, 23 Sep 2020 18:18:08 GMT","server":"ESF","cache-control":"private","x-xss-protection":"0","x-frame-options":"SAMEORIGIN","x-content-type-options":"nosniff","alt-svc":"h3-Q050=\":443\"; ma=2592000,h3-29=\":443\"; ma=2592000,h3-27=\":443\"; ma=2592000,h3-T051=\":443\"; ma=2592000,h3-T050=\":443\"; ma=2592000,h3-Q046=\":443\"; ma=2592000,h3-Q043=\":443\"; ma=2592000,quic=\":443\"; ma=2592000; v=\"46,43\"","accept-ranges":"none","transfer-encoding":"chunked"}
[debug] [2020-09-23T18:18:09.009Z] >>> HTTP REQUEST POST https://cloudfunctions.googleapis.com/v1/projects/personal-website-781b7/locations/us-central1/functions:generateUploadUrl  
 
[debug] [2020-09-23T18:18:09.486Z] <<< HTTP RESPONSE 200 {"content-type":"application/json; charset=UTF-8","vary":"X-Origin, Referer, Origin,Accept-Encoding","date":"Wed, 23 Sep 2020 18:18:09 GMT","server":"ESF","cache-control":"private","x-xss-protection":"0","x-frame-options":"SAMEORIGIN","x-content-type-options":"nosniff","alt-svc":"h3-Q050=\":443\"; ma=2592000,h3-29=\":443\"; ma=2592000,h3-27=\":443\"; ma=2592000,h3-T051=\":443\"; ma=2592000,h3-T050=\":443\"; ma=2592000,h3-Q046=\":443\"; ma=2592000,h3-Q043=\":443\"; ma=2592000,quic=\":443\"; ma=2592000; v=\"46,43\"","accept-ranges":"none","transfer-encoding":"chunked"}
[debug] [2020-09-23T18:18:09.487Z] >>> HTTP REQUEST PUT https://storage.googleapis.com/gcf-upload-us-central1-df9c5952-fcfb-456e-911f-d56bf4eea2aa/11bb712e-a54b-4526-b000-151624acd477.zip?GoogleAccessId=service-797977236399@gcf-admin-robot.iam.gserviceaccount.com&Expires=1600886889&Signature=bBAxJlEPIkqNphodXOIX4mJGxqlMoTL9F72hwyP8H%2Fi3Z7al6biVqNrHoovQTArW6wtAM8GtVV2o9YnoFaZAE6dBaYKC8wemPhoYXCAsQ6ghwP1qeF%2FiKJkHkM2fS6SahMIv8SwVl2y5lUzuo9dyA72rBrikEeO41Z9AlGM5hr8QAizlcD34AmablLZrJWL6gsirh7Cm05IKz2pqsJTXKtzI0%2FZkZKiiGsOGd7Me5udZt0BShxl3oHeVPGSmeTzG2RCXoyYb9%2FJijOn7LA%2Bk%2BvjHm%2B7PvIPvVK7Yg9lU0%2BV0q50s5uS6xvfu%2FP%2FaG023GoMkyglJm1iz7YvnIzdfFQ%3D%3D  
 <request body omitted>
[debug] [2020-09-23T18:18:09.670Z] <<< HTTP RESPONSE 200 {"x-guploader-uploadid":"ABg5-Uw2RRkyxpyAbqerdxS8esPd-_BCtTNibVITq0rub0OeBvsSIJ9zV1EUtI2AAp8QhxVzXCXSThoPxOZqwrLNkTCt0hpjnw","etag":"\"1411b2e4d571283bbeed75ee780e12aa\"","x-goog-generation":"1600885089637976","x-goog-metageneration":"1","x-goog-hash":"crc32c=wKvoaA==, md5=FBGy5NVxKDu+7XXueA4Sqg==","x-goog-stored-content-length":"40781","x-goog-stored-content-encoding":"identity","vary":"Origin","content-length":"0","date":"Wed, 23 Sep 2020 18:18:09 GMT","server":"UploadServer","content-type":"text/html; charset=UTF-8","alt-svc":"h3-Q050=\":443\"; ma=2592000,h3-29=\":443\"; ma=2592000,h3-27=\":443\"; ma=2592000,h3-T051=\":443\"; ma=2592000,h3-T050=\":443\"; ma=2592000,h3-Q046=\":443\"; ma=2592000,h3-Q043=\":443\"; ma=2592000,quic=\":443\"; ma=2592000; v=\"46,43\""}
[info] ✔  functions: functions folder uploaded successfully 
[info] i  functions: updating Node.js 10 function sendEmail(us-central1)... 
[debug] [2020-09-23T18:18:09.672Z] Trigger is:  {"eventTrigger":{"resource":"projects/personal-website-781b7/databases/(default)/documents/emails/{documentId}","eventType":"providers/cloud.firestore/eventTypes/document.create","service":"firestore.googleapis.com"}}
[debug] [2020-09-23T18:18:09.674Z] >>> HTTP REQUEST PATCH https://cloudfunctions.googleapis.com/v1/projects/personal-website-781b7/locations/us-central1/functions/sendEmail {"updateMask":"sourceUploadUrl,name,labels,runtime,environmentVariables,eventTrigger.resource,eventTrigger.eventType,eventTrigger.service,eventTrigger.failurePolicy"} 
 {"sourceUploadUrl":"https://storage.googleapis.com/gcf-upload-us-central1-df9c5952-fcfb-456e-911f-d56bf4eea2aa/11bb712e-a54b-4526-b000-151624acd477.zip?GoogleAccessId=service-797977236399@gcf-admin-robot.iam.gserviceaccount.com&Expires=1600886889&Signature=bBAxJlEPIkqNphodXOIX4mJGxqlMoTL9F72hwyP8H%2Fi3Z7al6biVqNrHoovQTArW6wtAM8GtVV2o9YnoFaZAE6dBaYKC8wemPhoYXCAsQ6ghwP1qeF%2FiKJkHkM2fS6SahMIv8SwVl2y5lUzuo9dyA72rBrikEeO41Z9AlGM5hr8QAizlcD34AmablLZrJWL6gsirh7Cm05IKz2pqsJTXKtzI0%2FZkZKiiGsOGd7Me5udZt0BShxl3oHeVPGSmeTzG2RCXoyYb9%2FJijOn7LA%2Bk%2BvjHm%2B7PvIPvVK7Yg9lU0%2BV0q50s5uS6xvfu%2FP%2FaG023GoMkyglJm1iz7YvnIzdfFQ%3D%3D","name":"projects/personal-website-781b7/locations/us-central1/functions/sendEmail","labels":{"deployment-tool":"cli-firebase"},"eventTrigger":{"resource":"projects/personal-website-781b7/databases/(default)/documents/emails/{documentId}","eventType":"providers/cloud.firestore/eventTypes/document.create","service":"firestore.googleapis.com"},"runtime":"nodejs10","environmentVariables":{"FIREBASE_CONFIG":"{\"projectId\":\"personal-website-781b7\",\"databaseURL\":\"https://personal-website-781b7.firebaseio.com\",\"storageBucket\":\"personal-website-781b7.appspot.com\",\"locationId\":\"us-central\"}"}}
[debug] [2020-09-23T18:18:10.117Z] <<< HTTP RESPONSE 200 {"content-type":"application/json; charset=UTF-8","vary":"X-Origin, Referer, Origin,Accept-Encoding","date":"Wed, 23 Sep 2020 18:18:10 GMT","server":"ESF","cache-control":"private","x-xss-protection":"0","x-frame-options":"SAMEORIGIN","x-content-type-options":"nosniff","alt-svc":"h3-Q050=\":443\"; ma=2592000,h3-29=\":443\"; ma=2592000,h3-27=\":443\"; ma=2592000,h3-T051=\":443\"; ma=2592000,h3-T050=\":443\"; ma=2592000,h3-Q046=\":443\"; ma=2592000,h3-Q043=\":443\"; ma=2592000,quic=\":443\"; ma=2592000; v=\"46,43\"","accept-ranges":"none","transfer-encoding":"chunked"}
[debug] [2020-09-23T18:18:10.118Z] >>> HTTP REQUEST GET https://cloudfunctions.googleapis.com/v1/operations/cGVyc29uYWwtd2Vic2l0ZS03ODFiNy91cy1jZW50cmFsMS9zZW5kRW1haWwvNjFDRGR3TnVRcEU  
 
[debug] [2020-09-23T18:18:10.268Z] <<< HTTP RESPONSE 200 {"content-type":"application/json; charset=UTF-8","vary":"X-Origin, Referer, Origin,Accept-Encoding","date":"Wed, 23 Sep 2020 18:18:10 GMT","server":"ESF","cache-control":"private","x-xss-protection":"0","x-frame-options":"SAMEORIGIN","x-content-type-options":"nosniff","alt-svc":"h3-Q050=\":443\"; ma=2592000,h3-29=\":443\"; ma=2592000,h3-27=\":443\"; ma=2592000,h3-T051=\":443\"; ma=2592000,h3-T050=\":443\"; ma=2592000,h3-Q046=\":443\"; ma=2592000,h3-Q043=\":443\"; ma=2592000,quic=\":443\"; ma=2592000; v=\"46,43\"","accept-ranges":"none","transfer-encoding":"chunked"}
[debug] [2020-09-23T18:18:12.272Z] >>> HTTP REQUEST GET https://cloudfunctions.googleapis.com/v1/operations/cGVyc29uYWwtd2Vic2l0ZS03ODFiNy91cy1jZW50cmFsMS9zZW5kRW1haWwvNjFDRGR3TnVRcEU  
 
[debug] [2020-09-23T18:18:12.584Z] <<< HTTP RESPONSE 200 {"content-type":"application/json; charset=UTF-8","vary":"X-Origin, Referer, Origin,Accept-Encoding","date":"Wed, 23 Sep 2020 18:18:12 GMT","server":"ESF","cache-control":"private","x-xss-protection":"0","x-frame-options":"SAMEORIGIN","x-content-type-options":"nosniff","alt-svc":"h3-Q050=\":443\"; ma=2592000,h3-29=\":443\"; ma=2592000,h3-27=\":443\"; ma=2592000,h3-T051=\":443\"; ma=2592000,h3-T050=\":443\"; ma=2592000,h3-Q046=\":443\"; ma=2592000,h3-Q043=\":443\"; ma=2592000,quic=\":443\"; ma=2592000; v=\"46,43\"","accept-ranges":"none","transfer-encoding":"chunked"}
[debug] [2020-09-23T18:18:14.590Z] >>> HTTP REQUEST GET https://cloudfunctions.googleapis.com/v1/operations/cGVyc29uYWwtd2Vic2l0ZS03ODFiNy91cy1jZW50cmFsMS9zZW5kRW1haWwvNjFDRGR3TnVRcEU  
 
[debug] [2020-09-23T18:18:14.906Z] <<< HTTP RESPONSE 200 {"content-type":"application/json; charset=UTF-8","vary":"X-Origin, Referer, Origin,Accept-Encoding","date":"Wed, 23 Sep 2020 18:18:14 GMT","server":"ESF","cache-control":"private","x-xss-protection":"0","x-frame-options":"SAMEORIGIN","x-content-type-options":"nosniff","alt-svc":"h3-Q050=\":443\"; ma=2592000,h3-29=\":443\"; ma=2592000,h3-27=\":443\"; ma=2592000,h3-T051=\":443\"; ma=2592000,h3-T050=\":443\"; ma=2592000,h3-Q046=\":443\"; ma=2592000,h3-Q043=\":443\"; ma=2592000,quic=\":443\"; ma=2592000; v=\"46,43\"","accept-ranges":"none","transfer-encoding":"chunked"}
[debug] [2020-09-23T18:18:16.911Z] >>> HTTP REQUEST GET https://cloudfunctions.googleapis.com/v1/operations/cGVyc29uYWwtd2Vic2l0ZS03ODFiNy91cy1jZW50cmFsMS9zZW5kRW1haWwvNjFDRGR3TnVRcEU  
 
[debug] [2020-09-23T18:18:17.167Z] <<< HTTP RESPONSE 200 {"content-type":"application/json; charset=UTF-8","vary":"X-Origin, Referer, Origin,Accept-Encoding","date":"Wed, 23 Sep 2020 18:18:17 GMT","server":"ESF","cache-control":"private","x-xss-protection":"0","x-frame-options":"SAMEORIGIN","x-content-type-options":"nosniff","alt-svc":"h3-Q050=\":443\"; ma=2592000,h3-29=\":443\"; ma=2592000,h3-27=\":443\"; ma=2592000,h3-T051=\":443\"; ma=2592000,h3-T050=\":443\"; ma=2592000,h3-Q046=\":443\"; ma=2592000,h3-Q043=\":443\"; ma=2592000,quic=\":443\"; ma=2592000; v=\"46,43\"","accept-ranges":"none","transfer-encoding":"chunked"}
[debug] [2020-09-23T18:18:19.172Z] >>> HTTP REQUEST GET https://cloudfunctions.googleapis.com/v1/operations/cGVyc29uYWwtd2Vic2l0ZS03ODFiNy91cy1jZW50cmFsMS9zZW5kRW1haWwvNjFDRGR3TnVRcEU  
 
[debug] [2020-09-23T18:18:19.283Z] <<< HTTP RESPONSE 200 {"content-type":"application/json; charset=UTF-8","vary":"X-Origin, Referer, Origin,Accept-Encoding","date":"Wed, 23 Sep 2020 18:18:19 GMT","server":"ESF","cache-control":"private","x-xss-protection":"0","x-frame-options":"SAMEORIGIN","x-content-type-options":"nosniff","alt-svc":"h3-Q050=\":443\"; ma=2592000,h3-29=\":443\"; ma=2592000,h3-27=\":443\"; ma=2592000,h3-T051=\":443\"; ma=2592000,h3-T050=\":443\"; ma=2592000,h3-Q046=\":443\"; ma=2592000,h3-Q043=\":443\"; ma=2592000,quic=\":443\"; ma=2592000; v=\"46,43\"","accept-ranges":"none","transfer-encoding":"chunked"}
[debug] [2020-09-23T18:18:21.289Z] >>> HTTP REQUEST GET https://cloudfunctions.googleapis.com/v1/operations/cGVyc29uYWwtd2Vic2l0ZS03ODFiNy91cy1jZW50cmFsMS9zZW5kRW1haWwvNjFDRGR3TnVRcEU  
 
[debug] [2020-09-23T18:18:21.495Z] <<< HTTP RESPONSE 200 {"content-type":"application/json; charset=UTF-8","vary":"X-Origin, Referer, Origin,Accept-Encoding","date":"Wed, 23 Sep 2020 18:18:21 GMT","server":"ESF","cache-control":"private","x-xss-protection":"0","x-frame-options":"SAMEORIGIN","x-content-type-options":"nosniff","alt-svc":"h3-Q050=\":443\"; ma=2592000,h3-29=\":443\"; ma=2592000,h3-27=\":443\"; ma=2592000,h3-T051=\":443\"; ma=2592000,h3-T050=\":443\"; ma=2592000,h3-Q046=\":443\"; ma=2592000,h3-Q043=\":443\"; ma=2592000,quic=\":443\"; ma=2592000; v=\"46,43\"","accept-ranges":"none","transfer-encoding":"chunked"}
[debug] [2020-09-23T18:18:23.500Z] >>> HTTP REQUEST GET https://cloudfunctions.googleapis.com/v1/operations/cGVyc29uYWwtd2Vic2l0ZS03ODFiNy91cy1jZW50cmFsMS9zZW5kRW1haWwvNjFDRGR3TnVRcEU  
 
[debug] [2020-09-23T18:18:23.713Z] <<< HTTP RESPONSE 200 {"content-type":"application/json; charset=UTF-8","vary":"X-Origin, Referer, Origin,Accept-Encoding","date":"Wed, 23 Sep 2020 18:18:23 GMT","server":"ESF","cache-control":"private","x-xss-protection":"0","x-frame-options":"SAMEORIGIN","x-content-type-options":"nosniff","alt-svc":"h3-Q050=\":443\"; ma=2592000,h3-29=\":443\"; ma=2592000,h3-27=\":443\"; ma=2592000,h3-T051=\":443\"; ma=2592000,h3-T050=\":443\"; ma=2592000,h3-Q046=\":443\"; ma=2592000,h3-Q043=\":443\"; ma=2592000,quic=\":443\"; ma=2592000; v=\"46,43\"","accept-ranges":"none","transfer-encoding":"chunked"}
[debug] [2020-09-23T18:18:25.717Z] >>> HTTP REQUEST GET https://cloudfunctions.googleapis.com/v1/operations/cGVyc29uYWwtd2Vic2l0ZS03ODFiNy91cy1jZW50cmFsMS9zZW5kRW1haWwvNjFDRGR3TnVRcEU  
 
[debug] [2020-09-23T18:18:26.972Z] <<< HTTP RESPONSE 200 {"content-type":"application/json; charset=UTF-8","vary":"X-Origin, Referer, Origin,Accept-Encoding","date":"Wed, 23 Sep 2020 18:18:26 GMT","server":"ESF","cache-control":"private","x-xss-protection":"0","x-frame-options":"SAMEORIGIN","x-content-type-options":"nosniff","alt-svc":"h3-Q050=\":443\"; ma=2592000,h3-29=\":443\"; ma=2592000,h3-27=\":443\"; ma=2592000,h3-T051=\":443\"; ma=2592000,h3-T050=\":443\"; ma=2592000,h3-Q046=\":443\"; ma=2592000,h3-Q043=\":443\"; ma=2592000,quic=\":443\"; ma=2592000; v=\"46,43\"","accept-ranges":"none","transfer-encoding":"chunked"}
[debug] [2020-09-23T18:18:28.976Z] >>> HTTP REQUEST GET https://cloudfunctions.googleapis.com/v1/operations/cGVyc29uYWwtd2Vic2l0ZS03ODFiNy91cy1jZW50cmFsMS9zZW5kRW1haWwvNjFDRGR3TnVRcEU  
 
[debug] [2020-09-23T18:18:29.592Z] <<< HTTP RESPONSE 200 {"content-type":"application/json; charset=UTF-8","vary":"X-Origin, Referer, Origin,Accept-Encoding","date":"Wed, 23 Sep 2020 18:18:29 GMT","server":"ESF","cache-control":"private","x-xss-protection":"0","x-frame-options":"SAMEORIGIN","x-content-type-options":"nosniff","alt-svc":"h3-Q050=\":443\"; ma=2592000,h3-29=\":443\"; ma=2592000,h3-27=\":443\"; ma=2592000,h3-T051=\":443\"; ma=2592000,h3-T050=\":443\"; ma=2592000,h3-Q046=\":443\"; ma=2592000,h3-Q043=\":443\"; ma=2592000,quic=\":443\"; ma=2592000; v=\"46,43\"","accept-ranges":"none","transfer-encoding":"chunked"}
[debug] [2020-09-23T18:18:31.598Z] >>> HTTP REQUEST GET https://cloudfunctions.googleapis.com/v1/operations/cGVyc29uYWwtd2Vic2l0ZS03ODFiNy91cy1jZW50cmFsMS9zZW5kRW1haWwvNjFDRGR3TnVRcEU  
 
[debug] [2020-09-23T18:18:31.824Z] <<< HTTP RESPONSE 200 {"content-type":"application/json; charset=UTF-8","vary":"X-Origin, Referer, Origin,Accept-Encoding","date":"Wed, 23 Sep 2020 18:18:31 GMT","server":"ESF","cache-control":"private","x-xss-protection":"0","x-frame-options":"SAMEORIGIN","x-content-type-options":"nosniff","alt-svc":"h3-Q050=\":443\"; ma=2592000,h3-29=\":443\"; ma=2592000,h3-27=\":443\"; ma=2592000,h3-T051=\":443\"; ma=2592000,h3-T050=\":443\"; ma=2592000,h3-Q046=\":443\"; ma=2592000,h3-Q043=\":443\"; ma=2592000,quic=\":443\"; ma=2592000; v=\"46,43\"","accept-ranges":"none","transfer-encoding":"chunked"}
[debug] [2020-09-23T18:18:33.829Z] >>> HTTP REQUEST GET https://cloudfunctions.googleapis.com/v1/operations/cGVyc29uYWwtd2Vic2l0ZS03ODFiNy91cy1jZW50cmFsMS9zZW5kRW1haWwvNjFDRGR3TnVRcEU  
 
[debug] [2020-09-23T18:18:33.923Z] <<< HTTP RESPONSE 200 {"content-type":"application/json; charset=UTF-8","vary":"X-Origin, Referer, Origin,Accept-Encoding","date":"Wed, 23 Sep 2020 18:18:33 GMT","server":"ESF","cache-control":"private","x-xss-protection":"0","x-frame-options":"SAMEORIGIN","x-content-type-options":"nosniff","alt-svc":"h3-Q050=\":443\"; ma=2592000,h3-29=\":443\"; ma=2592000,h3-27=\":443\"; ma=2592000,h3-T051=\":443\"; ma=2592000,h3-T050=\":443\"; ma=2592000,h3-Q046=\":443\"; ma=2592000,h3-Q043=\":443\"; ma=2592000,quic=\":443\"; ma=2592000; v=\"46,43\"","accept-ranges":"none","transfer-encoding":"chunked"}
[debug] [2020-09-23T18:18:35.924Z] >>> HTTP REQUEST GET https://cloudfunctions.googleapis.com/v1/operations/cGVyc29uYWwtd2Vic2l0ZS03ODFiNy91cy1jZW50cmFsMS9zZW5kRW1haWwvNjFDRGR3TnVRcEU  
 
[debug] [2020-09-23T18:18:36.149Z] <<< HTTP RESPONSE 200 {"content-type":"application/json; charset=UTF-8","vary":"X-Origin, Referer, Origin,Accept-Encoding","date":"Wed, 23 Sep 2020 18:18:36 GMT","server":"ESF","cache-control":"private","x-xss-protection":"0","x-frame-options":"SAMEORIGIN","x-content-type-options":"nosniff","alt-svc":"h3-Q050=\":443\"; ma=2592000,h3-29=\":443\"; ma=2592000,h3-27=\":443\"; ma=2592000,h3-T051=\":443\"; ma=2592000,h3-T050=\":443\"; ma=2592000,h3-Q046=\":443\"; ma=2592000,h3-Q043=\":443\"; ma=2592000,quic=\":443\"; ma=2592000; v=\"46,43\"","accept-ranges":"none","transfer-encoding":"chunked"}
[debug] [2020-09-23T18:18:38.154Z] >>> HTTP REQUEST GET https://cloudfunctions.googleapis.com/v1/operations/cGVyc29uYWwtd2Vic2l0ZS03ODFiNy91cy1jZW50cmFsMS9zZW5kRW1haWwvNjFDRGR3TnVRcEU  
 
[debug] [2020-09-23T18:18:38.285Z] <<< HTTP RESPONSE 200 {"content-type":"application/json; charset=UTF-8","vary":"X-Origin, Referer, Origin,Accept-Encoding","date":"Wed, 23 Sep 2020 18:18:38 GMT","server":"ESF","cache-control":"private","x-xss-protection":"0","x-frame-options":"SAMEORIGIN","x-content-type-options":"nosniff","alt-svc":"h3-Q050=\":443\"; ma=2592000,h3-29=\":443\"; ma=2592000,h3-27=\":443\"; ma=2592000,h3-T051=\":443\"; ma=2592000,h3-T050=\":443\"; ma=2592000,h3-Q046=\":443\"; ma=2592000,h3-Q043=\":443\"; ma=2592000,quic=\":443\"; ma=2592000; v=\"46,43\"","accept-ranges":"none","transfer-encoding":"chunked"}
[debug] [2020-09-23T18:18:40.291Z] >>> HTTP REQUEST GET https://cloudfunctions.googleapis.com/v1/operations/cGVyc29uYWwtd2Vic2l0ZS03ODFiNy91cy1jZW50cmFsMS9zZW5kRW1haWwvNjFDRGR3TnVRcEU  
 
[debug] [2020-09-23T18:18:40.512Z] <<< HTTP RESPONSE 200 {"content-type":"application/json; charset=UTF-8","vary":"X-Origin, Referer, Origin,Accept-Encoding","date":"Wed, 23 Sep 2020 18:18:40 GMT","server":"ESF","cache-control":"private","x-xss-protection":"0","x-frame-options":"SAMEORIGIN","x-content-type-options":"nosniff","alt-svc":"h3-Q050=\":443\"; ma=2592000,h3-29=\":443\"; ma=2592000,h3-27=\":443\"; ma=2592000,h3-T051=\":443\"; ma=2592000,h3-T050=\":443\"; ma=2592000,h3-Q046=\":443\"; ma=2592000,h3-Q043=\":443\"; ma=2592000,quic=\":443\"; ma=2592000; v=\"46,43\"","accept-ranges":"none","transfer-encoding":"chunked"}
[debug] [2020-09-23T18:18:42.520Z] >>> HTTP REQUEST GET https://cloudfunctions.googleapis.com/v1/operations/cGVyc29uYWwtd2Vic2l0ZS03ODFiNy91cy1jZW50cmFsMS9zZW5kRW1haWwvNjFDRGR3TnVRcEU  
 
[debug] [2020-09-23T18:18:42.614Z] <<< HTTP RESPONSE 200 {"content-type":"application/json; charset=UTF-8","vary":"X-Origin, Referer, Origin,Accept-Encoding","date":"Wed, 23 Sep 2020 18:18:42 GMT","server":"ESF","cache-control":"private","x-xss-protection":"0","x-frame-options":"SAMEORIGIN","x-content-type-options":"nosniff","alt-svc":"h3-Q050=\":443\"; ma=2592000,h3-29=\":443\"; ma=2592000,h3-27=\":443\"; ma=2592000,h3-T051=\":443\"; ma=2592000,h3-T050=\":443\"; ma=2592000,h3-Q046=\":443\"; ma=2592000,h3-Q043=\":443\"; ma=2592000,quic=\":443\"; ma=2592000; v=\"46,43\"","accept-ranges":"none","transfer-encoding":"chunked"}
[debug] [2020-09-23T18:18:44.621Z] >>> HTTP REQUEST GET https://cloudfunctions.googleapis.com/v1/operations/cGVyc29uYWwtd2Vic2l0ZS03ODFiNy91cy1jZW50cmFsMS9zZW5kRW1haWwvNjFDRGR3TnVRcEU  
 
[debug] [2020-09-23T18:18:47.724Z] <<< HTTP RESPONSE 200 {"content-type":"application/json; charset=UTF-8","vary":"X-Origin, Referer, Origin,Accept-Encoding","date":"Wed, 23 Sep 2020 18:18:47 GMT","server":"ESF","cache-control":"private","x-xss-protection":"0","x-frame-options":"SAMEORIGIN","x-content-type-options":"nosniff","alt-svc":"h3-Q050=\":443\"; ma=2592000,h3-29=\":443\"; ma=2592000,h3-27=\":443\"; ma=2592000,h3-T051=\":443\"; ma=2592000,h3-T050=\":443\"; ma=2592000,h3-Q046=\":443\"; ma=2592000,h3-Q043=\":443\"; ma=2592000,quic=\":443\"; ma=2592000; v=\"46,43\"","accept-ranges":"none","transfer-encoding":"chunked"}
[debug] [2020-09-23T18:18:49.729Z] >>> HTTP REQUEST GET https://cloudfunctions.googleapis.com/v1/operations/cGVyc29uYWwtd2Vic2l0ZS03ODFiNy91cy1jZW50cmFsMS9zZW5kRW1haWwvNjFDRGR3TnVRcEU  
 
[debug] [2020-09-23T18:18:49.853Z] <<< HTTP RESPONSE 200 {"content-type":"application/json; charset=UTF-8","vary":"X-Origin, Referer, Origin,Accept-Encoding","date":"Wed, 23 Sep 2020 18:18:49 GMT","server":"ESF","cache-control":"private","x-xss-protection":"0","x-frame-options":"SAMEORIGIN","x-content-type-options":"nosniff","alt-svc":"h3-Q050=\":443\"; ma=2592000,h3-29=\":443\"; ma=2592000,h3-27=\":443\"; ma=2592000,h3-T051=\":443\"; ma=2592000,h3-T050=\":443\"; ma=2592000,h3-Q046=\":443\"; ma=2592000,h3-Q043=\":443\"; ma=2592000,quic=\":443\"; ma=2592000; v=\"46,43\"","accept-ranges":"none","transfer-encoding":"chunked"}
[debug] [2020-09-23T18:18:51.859Z] >>> HTTP REQUEST GET https://cloudfunctions.googleapis.com/v1/operations/cGVyc29uYWwtd2Vic2l0ZS03ODFiNy91cy1jZW50cmFsMS9zZW5kRW1haWwvNjFDRGR3TnVRcEU  
 
[debug] [2020-09-23T18:18:52.085Z] <<< HTTP RESPONSE 200 {"content-type":"application/json; charset=UTF-8","vary":"X-Origin, Referer, Origin,Accept-Encoding","date":"Wed, 23 Sep 2020 18:18:52 GMT","server":"ESF","cache-control":"private","x-xss-protection":"0","x-frame-options":"SAMEORIGIN","x-content-type-options":"nosniff","alt-svc":"h3-Q050=\":443\"; ma=2592000,h3-29=\":443\"; ma=2592000,h3-27=\":443\"; ma=2592000,h3-T051=\":443\"; ma=2592000,h3-T050=\":443\"; ma=2592000,h3-Q046=\":443\"; ma=2592000,h3-Q043=\":443\"; ma=2592000,quic=\":443\"; ma=2592000; v=\"46,43\"","accept-ranges":"none","transfer-encoding":"chunked"}
[debug] [2020-09-23T18:18:54.090Z] >>> HTTP REQUEST GET https://cloudfunctions.googleapis.com/v1/operations/cGVyc29uYWwtd2Vic2l0ZS03ODFiNy91cy1jZW50cmFsMS9zZW5kRW1haWwvNjFDRGR3TnVRcEU  
 
[debug] [2020-09-23T18:18:54.291Z] <<< HTTP RESPONSE 200 {"content-type":"application/json; charset=UTF-8","vary":"X-Origin, Referer, Origin,Accept-Encoding","date":"Wed, 23 Sep 2020 18:18:54 GMT","server":"ESF","cache-control":"private","x-xss-protection":"0","x-frame-options":"SAMEORIGIN","x-content-type-options":"nosniff","alt-svc":"h3-Q050=\":443\"; ma=2592000,h3-29=\":443\"; ma=2592000,h3-27=\":443\"; ma=2592000,h3-T051=\":443\"; ma=2592000,h3-T050=\":443\"; ma=2592000,h3-Q046=\":443\"; ma=2592000,h3-Q043=\":443\"; ma=2592000,quic=\":443\"; ma=2592000; v=\"46,43\"","accept-ranges":"none","transfer-encoding":"chunked"}
[debug] [2020-09-23T18:18:56.294Z] >>> HTTP REQUEST GET https://cloudfunctions.googleapis.com/v1/operations/cGVyc29uYWwtd2Vic2l0ZS03ODFiNy91cy1jZW50cmFsMS9zZW5kRW1haWwvNjFDRGR3TnVRcEU  
 
[debug] [2020-09-23T18:18:56.504Z] <<< HTTP RESPONSE 200 {"content-type":"application/json; charset=UTF-8","vary":"X-Origin, Referer, Origin,Accept-Encoding","date":"Wed, 23 Sep 2020 18:18:56 GMT","server":"ESF","cache-control":"private","x-xss-protection":"0","x-frame-options":"SAMEORIGIN","x-content-type-options":"nosniff","alt-svc":"h3-Q050=\":443\"; ma=2592000,h3-29=\":443\"; ma=2592000,h3-27=\":443\"; ma=2592000,h3-T051=\":443\"; ma=2592000,h3-T050=\":443\"; ma=2592000,h3-Q046=\":443\"; ma=2592000,h3-Q043=\":443\"; ma=2592000,quic=\":443\"; ma=2592000; v=\"46,43\"","accept-ranges":"none","transfer-encoding":"chunked"}
[debug] [2020-09-23T18:18:58.510Z] >>> HTTP REQUEST GET https://cloudfunctions.googleapis.com/v1/operations/cGVyc29uYWwtd2Vic2l0ZS03ODFiNy91cy1jZW50cmFsMS9zZW5kRW1haWwvNjFDRGR3TnVRcEU  
 
[debug] [2020-09-23T18:18:58.715Z] <<< HTTP RESPONSE 200 {"content-type":"application/json; charset=UTF-8","vary":"X-Origin, Referer, Origin,Accept-Encoding","date":"Wed, 23 Sep 2020 18:18:58 GMT","server":"ESF","cache-control":"private","x-xss-protection":"0","x-frame-options":"SAMEORIGIN","x-content-type-options":"nosniff","alt-svc":"h3-Q050=\":443\"; ma=2592000,h3-29=\":443\"; ma=2592000,h3-27=\":443\"; ma=2592000,h3-T051=\":443\"; ma=2592000,h3-T050=\":443\"; ma=2592000,h3-Q046=\":443\"; ma=2592000,h3-Q043=\":443\"; ma=2592000,quic=\":443\"; ma=2592000; v=\"46,43\"","accept-ranges":"none","transfer-encoding":"chunked"}
[debug] [2020-09-23T18:19:00.719Z] >>> HTTP REQUEST GET https://cloudfunctions.googleapis.com/v1/operations/cGVyc29uYWwtd2Vic2l0ZS03ODFiNy91cy1jZW50cmFsMS9zZW5kRW1haWwvNjFDRGR3TnVRcEU  
 
[debug] [2020-09-23T18:19:00.945Z] <<< HTTP RESPONSE 200 {"content-type":"application/json; charset=UTF-8","vary":"X-Origin, Referer, Origin,Accept-Encoding","date":"Wed, 23 Sep 2020 18:19:00 GMT","server":"ESF","cache-control":"private","x-xss-protection":"0","x-frame-options":"SAMEORIGIN","x-content-type-options":"nosniff","alt-svc":"h3-Q050=\":443\"; ma=2592000,h3-29=\":443\"; ma=2592000,h3-27=\":443\"; ma=2592000,h3-T051=\":443\"; ma=2592000,h3-T050=\":443\"; ma=2592000,h3-Q046=\":443\"; ma=2592000,h3-Q043=\":443\"; ma=2592000,quic=\":443\"; ma=2592000; v=\"46,43\"","accept-ranges":"none","transfer-encoding":"chunked"}
[debug] [2020-09-23T18:19:02.949Z] >>> HTTP REQUEST GET https://cloudfunctions.googleapis.com/v1/operations/cGVyc29uYWwtd2Vic2l0ZS03ODFiNy91cy1jZW50cmFsMS9zZW5kRW1haWwvNjFDRGR3TnVRcEU  
 
[debug] [2020-09-23T18:19:03.048Z] <<< HTTP RESPONSE 200 {"content-type":"application/json; charset=UTF-8","vary":"X-Origin, Referer, Origin,Accept-Encoding","date":"Wed, 23 Sep 2020 18:19:03 GMT","server":"ESF","cache-control":"private","x-xss-protection":"0","x-frame-options":"SAMEORIGIN","x-content-type-options":"nosniff","alt-svc":"h3-Q050=\":443\"; ma=2592000,h3-29=\":443\"; ma=2592000,h3-27=\":443\"; ma=2592000,h3-T051=\":443\"; ma=2592000,h3-T050=\":443\"; ma=2592000,h3-Q046=\":443\"; ma=2592000,h3-Q043=\":443\"; ma=2592000,quic=\":443\"; ma=2592000; v=\"46,43\"","accept-ranges":"none","transfer-encoding":"chunked"}
[debug] [2020-09-23T18:19:05.053Z] >>> HTTP REQUEST GET https://cloudfunctions.googleapis.com/v1/operations/cGVyc29uYWwtd2Vic2l0ZS03ODFiNy91cy1jZW50cmFsMS9zZW5kRW1haWwvNjFDRGR3TnVRcEU  
 
[debug] [2020-09-23T18:19:05.253Z] <<< HTTP RESPONSE 200 {"content-type":"application/json; charset=UTF-8","vary":"X-Origin, Referer, Origin,Accept-Encoding","date":"Wed, 23 Sep 2020 18:19:05 GMT","server":"ESF","cache-control":"private","x-xss-protection":"0","x-frame-options":"SAMEORIGIN","x-content-type-options":"nosniff","alt-svc":"h3-Q050=\":443\"; ma=2592000,h3-29=\":443\"; ma=2592000,h3-27=\":443\"; ma=2592000,h3-T051=\":443\"; ma=2592000,h3-T050=\":443\"; ma=2592000,h3-Q046=\":443\"; ma=2592000,h3-Q043=\":443\"; ma=2592000,quic=\":443\"; ma=2592000; v=\"46,43\"","accept-ranges":"none","transfer-encoding":"chunked"}
[debug] [2020-09-23T18:19:07.256Z] >>> HTTP REQUEST GET https://cloudfunctions.googleapis.com/v1/operations/cGVyc29uYWwtd2Vic2l0ZS03ODFiNy91cy1jZW50cmFsMS9zZW5kRW1haWwvNjFDRGR3TnVRcEU  
 
[debug] [2020-09-23T18:19:07.460Z] <<< HTTP RESPONSE 200 {"content-type":"application/json; charset=UTF-8","vary":"X-Origin, Referer, Origin,Accept-Encoding","date":"Wed, 23 Sep 2020 18:19:07 GMT","server":"ESF","cache-control":"private","x-xss-protection":"0","x-frame-options":"SAMEORIGIN","x-content-type-options":"nosniff","alt-svc":"h3-Q050=\":443\"; ma=2592000,h3-29=\":443\"; ma=2592000,h3-27=\":443\"; ma=2592000,h3-T051=\":443\"; ma=2592000,h3-T050=\":443\"; ma=2592000,h3-Q046=\":443\"; ma=2592000,h3-Q043=\":443\"; ma=2592000,quic=\":443\"; ma=2592000; v=\"46,43\"","accept-ranges":"none","transfer-encoding":"chunked"}
[debug] [2020-09-23T18:19:09.464Z] >>> HTTP REQUEST GET https://cloudfunctions.googleapis.com/v1/operations/cGVyc29uYWwtd2Vic2l0ZS03ODFiNy91cy1jZW50cmFsMS9zZW5kRW1haWwvNjFDRGR3TnVRcEU  
 
[debug] [2020-09-23T18:19:09.680Z] <<< HTTP RESPONSE 200 {"content-type":"application/json; charset=UTF-8","vary":"X-Origin, Referer, Origin,Accept-Encoding","date":"Wed, 23 Sep 2020 18:19:09 GMT","server":"ESF","cache-control":"private","x-xss-protection":"0","x-frame-options":"SAMEORIGIN","x-content-type-options":"nosniff","alt-svc":"h3-Q050=\":443\"; ma=2592000,h3-29=\":443\"; ma=2592000,h3-27=\":443\"; ma=2592000,h3-T051=\":443\"; ma=2592000,h3-T050=\":443\"; ma=2592000,h3-Q046=\":443\"; ma=2592000,h3-Q043=\":443\"; ma=2592000,quic=\":443\"; ma=2592000; v=\"46,43\"","accept-ranges":"none","transfer-encoding":"chunked"}
[debug] [2020-09-23T18:19:11.684Z] >>> HTTP REQUEST GET https://cloudfunctions.googleapis.com/v1/operations/cGVyc29uYWwtd2Vic2l0ZS03ODFiNy91cy1jZW50cmFsMS9zZW5kRW1haWwvNjFDRGR3TnVRcEU  
 
[debug] [2020-09-23T18:19:11.828Z] <<< HTTP RESPONSE 200 {"content-type":"application/json; charset=UTF-8","vary":"X-Origin, Referer, Origin,Accept-Encoding","date":"Wed, 23 Sep 2020 18:19:11 GMT","server":"ESF","cache-control":"private","x-xss-protection":"0","x-frame-options":"SAMEORIGIN","x-content-type-options":"nosniff","alt-svc":"h3-Q050=\":443\"; ma=2592000,h3-29=\":443\"; ma=2592000,h3-27=\":443\"; ma=2592000,h3-T051=\":443\"; ma=2592000,h3-T050=\":443\"; ma=2592000,h3-Q046=\":443\"; ma=2592000,h3-Q043=\":443\"; ma=2592000,quic=\":443\"; ma=2592000; v=\"46,43\"","accept-ranges":"none","transfer-encoding":"chunked"}
[debug] [2020-09-23T18:19:13.830Z] >>> HTTP REQUEST GET https://cloudfunctions.googleapis.com/v1/operations/cGVyc29uYWwtd2Vic2l0ZS03ODFiNy91cy1jZW50cmFsMS9zZW5kRW1haWwvNjFDRGR3TnVRcEU  
 
[debug] [2020-09-23T18:19:14.042Z] <<< HTTP RESPONSE 200 {"content-type":"application/json; charset=UTF-8","vary":"X-Origin, Referer, Origin,Accept-Encoding","date":"Wed, 23 Sep 2020 18:19:14 GMT","server":"ESF","cache-control":"private","x-xss-protection":"0","x-frame-options":"SAMEORIGIN","x-content-type-options":"nosniff","alt-svc":"h3-Q050=\":443\"; ma=2592000,h3-29=\":443\"; ma=2592000,h3-27=\":443\"; ma=2592000,h3-T051=\":443\"; ma=2592000,h3-T050=\":443\"; ma=2592000,h3-Q046=\":443\"; ma=2592000,h3-Q043=\":443\"; ma=2592000,quic=\":443\"; ma=2592000; v=\"46,43\"","accept-ranges":"none","transfer-encoding":"chunked"}
[debug] [2020-09-23T18:19:16.047Z] >>> HTTP REQUEST GET https://cloudfunctions.googleapis.com/v1/operations/cGVyc29uYWwtd2Vic2l0ZS03ODFiNy91cy1jZW50cmFsMS9zZW5kRW1haWwvNjFDRGR3TnVRcEU  
 
[debug] [2020-09-23T18:19:16.259Z] <<< HTTP RESPONSE 200 {"content-type":"application/json; charset=UTF-8","vary":"X-Origin, Referer, Origin,Accept-Encoding","date":"Wed, 23 Sep 2020 18:19:16 GMT","server":"ESF","cache-control":"private","x-xss-protection":"0","x-frame-options":"SAMEORIGIN","x-content-type-options":"nosniff","alt-svc":"h3-Q050=\":443\"; ma=2592000,h3-29=\":443\"; ma=2592000,h3-27=\":443\"; ma=2592000,h3-T051=\":443\"; ma=2592000,h3-T050=\":443\"; ma=2592000,h3-Q046=\":443\"; ma=2592000,h3-Q043=\":443\"; ma=2592000,quic=\":443\"; ma=2592000; v=\"46,43\"","accept-ranges":"none","transfer-encoding":"chunked"}
[debug] [2020-09-23T18:19:18.264Z] >>> HTTP REQUEST GET https://cloudfunctions.googleapis.com/v1/operations/cGVyc29uYWwtd2Vic2l0ZS03ODFiNy91cy1jZW50cmFsMS9zZW5kRW1haWwvNjFDRGR3TnVRcEU  
 
[debug] [2020-09-23T18:19:18.380Z] <<< HTTP RESPONSE 200 {"content-type":"application/json; charset=UTF-8","vary":"X-Origin, Referer, Origin,Accept-Encoding","date":"Wed, 23 Sep 2020 18:19:18 GMT","server":"ESF","cache-control":"private","x-xss-protection":"0","x-frame-options":"SAMEORIGIN","x-content-type-options":"nosniff","alt-svc":"h3-Q050=\":443\"; ma=2592000,h3-29=\":443\"; ma=2592000,h3-27=\":443\"; ma=2592000,h3-T051=\":443\"; ma=2592000,h3-T050=\":443\"; ma=2592000,h3-Q046=\":443\"; ma=2592000,h3-Q043=\":443\"; ma=2592000,quic=\":443\"; ma=2592000; v=\"46,43\"","accept-ranges":"none","transfer-encoding":"chunked"}
[debug] [2020-09-23T18:19:20.381Z] >>> HTTP REQUEST GET https://cloudfunctions.googleapis.com/v1/operations/cGVyc29uYWwtd2Vic2l0ZS03ODFiNy91cy1jZW50cmFsMS9zZW5kRW1haWwvNjFDRGR3TnVRcEU  
 
[debug] [2020-09-23T18:19:20.582Z] <<< HTTP RESPONSE 200 {"content-type":"application/json; charset=UTF-8","vary":"X-Origin, Referer, Origin,Accept-Encoding","date":"Wed, 23 Sep 2020 18:19:20 GMT","server":"ESF","cache-control":"private","x-xss-protection":"0","x-frame-options":"SAMEORIGIN","x-content-type-options":"nosniff","alt-svc":"h3-Q050=\":443\"; ma=2592000,h3-29=\":443\"; ma=2592000,h3-27=\":443\"; ma=2592000,h3-T051=\":443\"; ma=2592000,h3-T050=\":443\"; ma=2592000,h3-Q046=\":443\"; ma=2592000,h3-Q043=\":443\"; ma=2592000,quic=\":443\"; ma=2592000; v=\"46,43\"","accept-ranges":"none","transfer-encoding":"chunked"}
[debug] [2020-09-23T18:19:22.588Z] >>> HTTP REQUEST GET https://cloudfunctions.googleapis.com/v1/operations/cGVyc29uYWwtd2Vic2l0ZS03ODFiNy91cy1jZW50cmFsMS9zZW5kRW1haWwvNjFDRGR3TnVRcEU  
 
[debug] [2020-09-23T18:19:22.840Z] <<< HTTP RESPONSE 200 {"content-type":"application/json; charset=UTF-8","vary":"X-Origin, Referer, Origin,Accept-Encoding","date":"Wed, 23 Sep 2020 18:19:22 GMT","server":"ESF","cache-control":"private","x-xss-protection":"0","x-frame-options":"SAMEORIGIN","x-content-type-options":"nosniff","alt-svc":"h3-Q050=\":443\"; ma=2592000,h3-29=\":443\"; ma=2592000,h3-27=\":443\"; ma=2592000,h3-T051=\":443\"; ma=2592000,h3-T050=\":443\"; ma=2592000,h3-Q046=\":443\"; ma=2592000,h3-Q043=\":443\"; ma=2592000,quic=\":443\"; ma=2592000; v=\"46,43\"","accept-ranges":"none","transfer-encoding":"chunked"}
[debug] [2020-09-23T18:19:24.840Z] >>> HTTP REQUEST GET https://cloudfunctions.googleapis.com/v1/operations/cGVyc29uYWwtd2Vic2l0ZS03ODFiNy91cy1jZW50cmFsMS9zZW5kRW1haWwvNjFDRGR3TnVRcEU  
 
[debug] [2020-09-23T18:19:25.065Z] <<< HTTP RESPONSE 200 {"content-type":"application/json; charset=UTF-8","vary":"X-Origin, Referer, Origin,Accept-Encoding","date":"Wed, 23 Sep 2020 18:19:25 GMT","server":"ESF","cache-control":"private","x-xss-protection":"0","x-frame-options":"SAMEORIGIN","x-content-type-options":"nosniff","alt-svc":"h3-Q050=\":443\"; ma=2592000,h3-29=\":443\"; ma=2592000,h3-27=\":443\"; ma=2592000,h3-T051=\":443\"; ma=2592000,h3-T050=\":443\"; ma=2592000,h3-Q046=\":443\"; ma=2592000,h3-Q043=\":443\"; ma=2592000,quic=\":443\"; ma=2592000; v=\"46,43\"","accept-ranges":"none","transfer-encoding":"chunked"}
[debug] [2020-09-23T18:19:27.069Z] >>> HTTP REQUEST GET https://cloudfunctions.googleapis.com/v1/operations/cGVyc29uYWwtd2Vic2l0ZS03ODFiNy91cy1jZW50cmFsMS9zZW5kRW1haWwvNjFDRGR3TnVRcEU  
 
[debug] [2020-09-23T18:19:27.323Z] <<< HTTP RESPONSE 200 {"content-type":"application/json; charset=UTF-8","vary":"X-Origin, Referer, Origin,Accept-Encoding","date":"Wed, 23 Sep 2020 18:19:27 GMT","server":"ESF","cache-control":"private","x-xss-protection":"0","x-frame-options":"SAMEORIGIN","x-content-type-options":"nosniff","alt-svc":"h3-Q050=\":443\"; ma=2592000,h3-29=\":443\"; ma=2592000,h3-27=\":443\"; ma=2592000,h3-T051=\":443\"; ma=2592000,h3-T050=\":443\"; ma=2592000,h3-Q046=\":443\"; ma=2592000,h3-Q043=\":443\"; ma=2592000,quic=\":443\"; ma=2592000; v=\"46,43\"","accept-ranges":"none","transfer-encoding":"chunked"}
